<?xml version="1.0" encoding="UTF-8"?>
<!-- Generated by org.testng.reporters.JUnitReportReporter -->
<testsuite hostname="DESKTOP-9GT9N0E" failures="0" tests="1" name="testcases.HomeTest" time="3.552" errors="0" timestamp="25 Nov 2022 16:53:25 GMT" skipped="0">
  <testcase classname="testcases.HomeTest" name="Test1" time="3.552"/>
</testsuite> <!-- testcases.HomeTest -->
