<?xml version="1.0" encoding="UTF-8"?>
<!-- Generated by org.testng.reporters.JUnitReportReporter -->
<testsuite hostname="DESKTOP-9GT9N0E" failures="0" tests="2" name="testcases.SimplilearnLoginTest" time="62.870" errors="0" timestamp="30 Nov 2022 18:24:35 GMT" skipped="0">
  <testcase classname="testcases.SimplilearnLoginTest" name="Test3" time="33.352"/>
  <testcase classname="testcases.SimplilearnLoginTest" name="Test2" time="29.518"/>
</testsuite> <!-- testcases.SimplilearnLoginTest -->
