<?xml version="1.0" encoding="UTF-8"?>
<!-- Generated by org.testng.reporters.JUnitReportReporter -->
<testsuite hostname="DESKTOP-9GT9N0E" failures="0" tests="3" name="testcases.SimplilearnLoginTest" time="34.950" errors="0" timestamp="25 Nov 2022 17:03:45 GMT" skipped="0">
  <testcase classname="testcases.SimplilearnLoginTest" name="Test3" time="9.013"/>
  <testcase classname="testcases.SimplilearnLoginTest" name="Test2" time="14.485"/>
  <testcase classname="testcases.SimplilearnLoginTest" name="Test1" time="11.452"/>
</testsuite> <!-- testcases.SimplilearnLoginTest -->
